2026-05-28T14:34:35.315-03:00  INFO 11196 --- [tasklist] [Test worker] b.c.j.t.i.TasklistApiIntegrationTest     : Starting TasklistApiIntegrationTest v1.0.0-SNAPSHOT using Java 21.0.11 with PID 11196 (started by T-GAMER in C:\Users\T-GAMER\OneDrive\Área de Trabalho\TESTE_JAVA\fullstack2\jtech-tasklist-backend)
2026-05-28T14:34:35.321-03:00 DEBUG 11196 --- [tasklist] [Test worker] b.c.j.t.i.TasklistApiIntegrationTest     : Running with Spring Boot v3.5.5, Spring v6.2.10
2026-05-28T14:34:35.322-03:00  INFO 11196 --- [tasklist] [Test worker] b.c.j.t.i.TasklistApiIntegrationTest     : The following 1 profile is active: "test"
2026-05-28T14:34:36.467-03:00  INFO 11196 --- [tasklist] [Test worker] .s.d.r.c.RepositoryConfigurationDelegate : Bootstrapping Spring Data JPA repositories in DEFAULT mode.
2026-05-28T14:34:36.527-03:00  INFO 11196 --- [tasklist] [Test worker] .s.d.r.c.RepositoryConfigurationDelegate : Finished Spring Data repository scanning in 53 ms. Found 2 JPA repository interfaces.
2026-05-28T14:34:37.013-03:00  INFO 11196 --- [tasklist] [Test worker] o.hibernate.jpa.internal.util.LogHelper  : HHH000204: Processing PersistenceUnitInfo [name: default]
2026-05-28T14:34:37.088-03:00  INFO 11196 --- [tasklist] [Test worker] org.hibernate.Version                    : HHH000412: Hibernate ORM core version 6.6.26.Final
2026-05-28T14:34:37.134-03:00  INFO 11196 --- [tasklist] [Test worker] o.h.c.internal.RegionFactoryInitiator    : HHH000026: Second-level cache disabled
2026-05-28T14:34:37.278-03:00  INFO 11196 --- [tasklist] [Test worker] o.s.o.j.p.SpringPersistenceUnitInfo      : No LoadTimeWeaver setup: ignoring JPA class transformer
2026-05-28T14:34:37.328-03:00  INFO 11196 --- [tasklist] [Test worker] com.zaxxer.hikari.HikariDataSource       : HikariPool-1 - Starting...
2026-05-28T14:34:37.600-03:00  INFO 11196 --- [tasklist] [Test worker] com.zaxxer.hikari.pool.HikariPool        : HikariPool-1 - Added connection conn0: url=jdbc:h2:mem:testdb user=SA
2026-05-28T14:34:37.602-03:00  INFO 11196 --- [tasklist] [Test worker] com.zaxxer.hikari.HikariDataSource       : HikariPool-1 - Start completed.
2026-05-28T14:34:37.633-03:00  WARN 11196 --- [tasklist] [Test worker] org.hibernate.orm.deprecation            : HHH90000025: H2Dialect does not need to be specified explicitly using 'hibernate.dialect' (remove the property setting and it will be selected by default)
2026-05-28T14:34:37.657-03:00  INFO 11196 --- [tasklist] [Test worker] org.hibernate.orm.connections.pooling    : HHH10001005: Database info:
	Database JDBC URL [Connecting through datasource 'HikariDataSource (HikariPool-1)']
	Database driver: undefined/unknown
	Database version: 2.3.232
	Autocommit mode: undefined/unknown
	Isolation level: undefined/unknown
	Minimum pool size: undefined/unknown
	Maximum pool size: undefined/unknown
2026-05-28T14:34:38.564-03:00  INFO 11196 --- [tasklist] [Test worker] o.h.e.t.j.p.i.JtaPlatformInitiator       : HHH000489: No JTA platform available (set 'hibernate.transaction.jta.platform' to enable JTA platform integration)
2026-05-28T14:34:38.624-03:00  INFO 11196 --- [tasklist] [Test worker] j.LocalContainerEntityManagerFactoryBean : Initialized JPA EntityManagerFactory for persistence unit 'default'
2026-05-28T14:34:39.087-03:00  WARN 11196 --- [tasklist] [Test worker] JpaBaseConfiguration$JpaWebConfiguration : spring.jpa.open-in-view is enabled by default. Therefore, database queries may be performed during view rendering. Explicitly configure spring.jpa.open-in-view to disable this warning
2026-05-28T14:34:39.424-03:00  INFO 11196 --- [tasklist] [Test worker] o.s.b.a.e.web.EndpointLinksResolver      : Exposing 14 endpoints beneath base path '/actuator'
2026-05-28T14:34:39.457-03:00  WARN 11196 --- [tasklist] [Test worker] .s.s.UserDetailsServiceAutoConfiguration : 

Using generated security password: af4ca71d-17e9-4fab-955c-4c0e6dc57aed

This generated password is for development use only. Your security configuration must be updated before running your application in production.

2026-05-28T14:34:39.474-03:00  INFO 11196 --- [tasklist] [Test worker] r$InitializeUserDetailsManagerConfigurer : Global AuthenticationManager configured with UserDetailsService bean with name inMemoryUserDetailsManager
2026-05-28T14:34:39.890-03:00 DEBUG 11196 --- [tasklist] [Test worker] b.c.j.t.c.i.s.JwtAuthenticationFilter    : Filter 'jwtAuthenticationFilter' configured for use
2026-05-28T14:34:39.890-03:00  INFO 11196 --- [tasklist] [Test worker] o.s.b.t.m.w.SpringBootMockServletContext : Initializing Spring TestDispatcherServlet ''
2026-05-28T14:34:39.890-03:00  INFO 11196 --- [tasklist] [Test worker] o.s.t.web.servlet.TestDispatcherServlet  : Initializing Servlet ''
2026-05-28T14:34:39.907-03:00  INFO 11196 --- [tasklist] [Test worker] o.s.t.web.servlet.TestDispatcherServlet  : Completed initialization in 0 ms
2026-05-28T14:34:39.989-03:00  INFO 11196 --- [tasklist] [Test worker] b.c.j.t.i.TasklistApiIntegrationTest     : Started TasklistApiIntegrationTest in 5.133 seconds (process running for 7.988)
2026-05-28T14:34:40.077-03:00  INFO 11196 --- [tasklist] [Test worker] b.c.j.t.c.i.l.ReadyEventListener         : >>> Connector Ready
2026-05-28T14:34:40.077-03:00  INFO 11196 --- [tasklist] [Test worker] b.c.j.t.c.i.l.ReadyEventListener         : ======================================================
2026-05-28T14:34:40.077-03:00  INFO 11196 --- [tasklist] [Test worker] b.c.j.t.c.i.l.ReadyEventListener         : == Execute mode:.....................'LOCAL'
2026-05-28T14:34:40.077-03:00  INFO 11196 --- [tasklist] [Test worker] b.c.j.t.c.i.l.ReadyEventListener         : ======================================================
2026-05-28T14:34:40.956-03:00  INFO 11196 --- [tasklist] [SpringApplicationShutdownHook] j.LocalContainerEntityManagerFactoryBean : Closing JPA EntityManagerFactory for persistence unit 'default'
2026-05-28T14:34:40.957-03:00  INFO 11196 --- [tasklist] [SpringApplicationShutdownHook] com.zaxxer.hikari.HikariDataSource       : HikariPool-1 - Shutdown initiated...
2026-05-28T14:34:40.957-03:00  INFO 11196 --- [tasklist] [SpringApplicationShutdownHook] com.zaxxer.hikari.HikariDataSource       : HikariPool-1 - Shutdown completed.
2026-05-28T14:35:21.047-03:00  INFO 27408 --- [tasklist] [Test worker] b.c.j.t.i.TasklistApiIntegrationTest     : Starting TasklistApiIntegrationTest v1.0.0-SNAPSHOT using Java 21.0.11 with PID 27408 (started by T-GAMER in C:\Users\T-GAMER\OneDrive\Área de Trabalho\TESTE_JAVA\fullstack2\jtech-tasklist-backend)
2026-05-28T14:35:21.048-03:00 DEBUG 27408 --- [tasklist] [Test worker] b.c.j.t.i.TasklistApiIntegrationTest     : Running with Spring Boot v3.5.5, Spring v6.2.10
2026-05-28T14:35:21.049-03:00  INFO 27408 --- [tasklist] [Test worker] b.c.j.t.i.TasklistApiIntegrationTest     : The following 1 profile is active: "test"
2026-05-28T14:35:22.077-03:00  INFO 27408 --- [tasklist] [Test worker] .s.d.r.c.RepositoryConfigurationDelegate : Bootstrapping Spring Data JPA repositories in DEFAULT mode.
2026-05-28T14:35:22.133-03:00  INFO 27408 --- [tasklist] [Test worker] .s.d.r.c.RepositoryConfigurationDelegate : Finished Spring Data repository scanning in 46 ms. Found 2 JPA repository interfaces.
2026-05-28T14:35:22.550-03:00  INFO 27408 --- [tasklist] [Test worker] o.hibernate.jpa.internal.util.LogHelper  : HHH000204: Processing PersistenceUnitInfo [name: default]
2026-05-28T14:35:22.608-03:00  INFO 27408 --- [tasklist] [Test worker] org.hibernate.Version                    : HHH000412: Hibernate ORM core version 6.6.26.Final
2026-05-28T14:35:22.640-03:00  INFO 27408 --- [tasklist] [Test worker] o.h.c.internal.RegionFactoryInitiator    : HHH000026: Second-level cache disabled
2026-05-28T14:35:22.768-03:00  INFO 27408 --- [tasklist] [Test worker] o.s.o.j.p.SpringPersistenceUnitInfo      : No LoadTimeWeaver setup: ignoring JPA class transformer
2026-05-28T14:35:22.800-03:00  INFO 27408 --- [tasklist] [Test worker] com.zaxxer.hikari.HikariDataSource       : HikariPool-1 - Starting...
2026-05-28T14:35:23.025-03:00  INFO 27408 --- [tasklist] [Test worker] com.zaxxer.hikari.pool.HikariPool        : HikariPool-1 - Added connection conn0: url=jdbc:h2:mem:testdb user=SA
2026-05-28T14:35:23.028-03:00  INFO 27408 --- [tasklist] [Test worker] com.zaxxer.hikari.HikariDataSource       : HikariPool-1 - Start completed.
2026-05-28T14:35:23.051-03:00  WARN 27408 --- [tasklist] [Test worker] org.hibernate.orm.deprecation            : HHH90000025: H2Dialect does not need to be specified explicitly using 'hibernate.dialect' (remove the property setting and it will be selected by default)
2026-05-28T14:35:23.072-03:00  INFO 27408 --- [tasklist] [Test worker] org.hibernate.orm.connections.pooling    : HHH10001005: Database info:
	Database JDBC URL [Connecting through datasource 'HikariDataSource (HikariPool-1)']
	Database driver: undefined/unknown
	Database version: 2.3.232
	Autocommit mode: undefined/unknown
	Isolation level: undefined/unknown
	Minimum pool size: undefined/unknown
	Maximum pool size: undefined/unknown
2026-05-28T14:35:23.821-03:00  INFO 27408 --- [tasklist] [Test worker] o.h.e.t.j.p.i.JtaPlatformInitiator       : HHH000489: No JTA platform available (set 'hibernate.transaction.jta.platform' to enable JTA platform integration)
2026-05-28T14:35:23.867-03:00  INFO 27408 --- [tasklist] [Test worker] j.LocalContainerEntityManagerFactoryBean : Initialized JPA EntityManagerFactory for persistence unit 'default'
2026-05-28T14:35:24.301-03:00  WARN 27408 --- [tasklist] [Test worker] JpaBaseConfiguration$JpaWebConfiguration : spring.jpa.open-in-view is enabled by default. Therefore, database queries may be performed during view rendering. Explicitly configure spring.jpa.open-in-view to disable this warning
2026-05-28T14:35:24.607-03:00  INFO 27408 --- [tasklist] [Test worker] o.s.b.a.e.web.EndpointLinksResolver      : Exposing 14 endpoints beneath base path '/actuator'
2026-05-28T14:35:24.631-03:00  WARN 27408 --- [tasklist] [Test worker] .s.s.UserDetailsServiceAutoConfiguration : 

Using generated security password: 78f568f4-7d08-49ad-ad1b-04dca0a201e6

This generated password is for development use only. Your security configuration must be updated before running your application in production.

2026-05-28T14:35:24.638-03:00  INFO 27408 --- [tasklist] [Test worker] r$InitializeUserDetailsManagerConfigurer : Global AuthenticationManager configured with UserDetailsService bean with name inMemoryUserDetailsManager
2026-05-28T14:35:25.005-03:00 DEBUG 27408 --- [tasklist] [Test worker] b.c.j.t.c.i.s.JwtAuthenticationFilter    : Filter 'jwtAuthenticationFilter' configured for use
2026-05-28T14:35:25.007-03:00  INFO 27408 --- [tasklist] [Test worker] o.s.b.t.m.w.SpringBootMockServletContext : Initializing Spring TestDispatcherServlet ''
2026-05-28T14:35:25.007-03:00  INFO 27408 --- [tasklist] [Test worker] o.s.t.web.servlet.TestDispatcherServlet  : Initializing Servlet ''
2026-05-28T14:35:25.008-03:00  INFO 27408 --- [tasklist] [Test worker] o.s.t.web.servlet.TestDispatcherServlet  : Completed initialization in 1 ms
2026-05-28T14:35:25.060-03:00  INFO 27408 --- [tasklist] [Test worker] b.c.j.t.i.TasklistApiIntegrationTest     : Started TasklistApiIntegrationTest in 4.43 seconds (process running for 6.881)
2026-05-28T14:35:25.105-03:00  INFO 27408 --- [tasklist] [Test worker] b.c.j.t.c.i.l.ReadyEventListener         : >>> Connector Ready
2026-05-28T14:35:25.105-03:00  INFO 27408 --- [tasklist] [Test worker] b.c.j.t.c.i.l.ReadyEventListener         : ======================================================
2026-05-28T14:35:25.105-03:00  INFO 27408 --- [tasklist] [Test worker] b.c.j.t.c.i.l.ReadyEventListener         : == Execute mode:.....................'LOCAL'
2026-05-28T14:35:25.105-03:00  INFO 27408 --- [tasklist] [Test worker] b.c.j.t.c.i.l.ReadyEventListener         : ======================================================
2026-05-28T14:35:25.782-03:00  INFO 27408 --- [tasklist] [SpringApplicationShutdownHook] j.LocalContainerEntityManagerFactoryBean : Closing JPA EntityManagerFactory for persistence unit 'default'
2026-05-28T14:35:25.783-03:00  INFO 27408 --- [tasklist] [SpringApplicationShutdownHook] com.zaxxer.hikari.HikariDataSource       : HikariPool-1 - Shutdown initiated...
2026-05-28T14:35:25.785-03:00  INFO 27408 --- [tasklist] [SpringApplicationShutdownHook] com.zaxxer.hikari.HikariDataSource       : HikariPool-1 - Shutdown completed.
2026-05-28T14:41:53.824-03:00  INFO 27536 --- [tasklist] [Test worker] b.c.j.t.i.TasklistApiIntegrationTest     : Starting TasklistApiIntegrationTest v1.0.0-SNAPSHOT using Java 21.0.11 with PID 27536 (started by T-GAMER in C:\Users\T-GAMER\OneDrive\Área de Trabalho\TESTE_JAVA\fullstack2\jtech-tasklist-backend)
2026-05-28T14:41:53.824-03:00 DEBUG 27536 --- [tasklist] [Test worker] b.c.j.t.i.TasklistApiIntegrationTest     : Running with Spring Boot v3.5.5, Spring v6.2.10
2026-05-28T14:41:53.824-03:00  INFO 27536 --- [tasklist] [Test worker] b.c.j.t.i.TasklistApiIntegrationTest     : The following 1 profile is active: "test"
2026-05-28T14:41:54.861-03:00  INFO 27536 --- [tasklist] [Test worker] .s.d.r.c.RepositoryConfigurationDelegate : Bootstrapping Spring Data JPA repositories in DEFAULT mode.
2026-05-28T14:41:54.925-03:00  INFO 27536 --- [tasklist] [Test worker] .s.d.r.c.RepositoryConfigurationDelegate : Finished Spring Data repository scanning in 56 ms. Found 3 JPA repository interfaces.
2026-05-28T14:41:55.386-03:00  INFO 27536 --- [tasklist] [Test worker] o.hibernate.jpa.internal.util.LogHelper  : HHH000204: Processing PersistenceUnitInfo [name: default]
2026-05-28T14:41:55.446-03:00  INFO 27536 --- [tasklist] [Test worker] org.hibernate.Version                    : HHH000412: Hibernate ORM core version 6.6.26.Final
2026-05-28T14:41:55.481-03:00  INFO 27536 --- [tasklist] [Test worker] o.h.c.internal.RegionFactoryInitiator    : HHH000026: Second-level cache disabled
2026-05-28T14:41:55.609-03:00  INFO 27536 --- [tasklist] [Test worker] o.s.o.j.p.SpringPersistenceUnitInfo      : No LoadTimeWeaver setup: ignoring JPA class transformer
2026-05-28T14:41:55.638-03:00  INFO 27536 --- [tasklist] [Test worker] com.zaxxer.hikari.HikariDataSource       : HikariPool-1 - Starting...
2026-05-28T14:41:55.862-03:00  INFO 27536 --- [tasklist] [Test worker] com.zaxxer.hikari.pool.HikariPool        : HikariPool-1 - Added connection conn0: url=jdbc:h2:mem:testdb user=SA
2026-05-28T14:41:55.864-03:00  INFO 27536 --- [tasklist] [Test worker] com.zaxxer.hikari.HikariDataSource       : HikariPool-1 - Start completed.
2026-05-28T14:41:55.887-03:00  WARN 27536 --- [tasklist] [Test worker] org.hibernate.orm.deprecation            : HHH90000025: H2Dialect does not need to be specified explicitly using 'hibernate.dialect' (remove the property setting and it will be selected by default)
2026-05-28T14:41:55.906-03:00  INFO 27536 --- [tasklist] [Test worker] org.hibernate.orm.connections.pooling    : HHH10001005: Database info:
	Database JDBC URL [Connecting through datasource 'HikariDataSource (HikariPool-1)']
	Database driver: undefined/unknown
	Database version: 2.3.232
	Autocommit mode: undefined/unknown
	Isolation level: undefined/unknown
	Minimum pool size: undefined/unknown
	Maximum pool size: undefined/unknown
2026-05-28T14:41:56.675-03:00  INFO 27536 --- [tasklist] [Test worker] o.h.e.t.j.p.i.JtaPlatformInitiator       : HHH000489: No JTA platform available (set 'hibernate.transaction.jta.platform' to enable JTA platform integration)
2026-05-28T14:41:56.722-03:00  INFO 27536 --- [tasklist] [Test worker] j.LocalContainerEntityManagerFactoryBean : Initialized JPA EntityManagerFactory for persistence unit 'default'
2026-05-28T14:41:57.154-03:00  WARN 27536 --- [tasklist] [Test worker] JpaBaseConfiguration$JpaWebConfiguration : spring.jpa.open-in-view is enabled by default. Therefore, database queries may be performed during view rendering. Explicitly configure spring.jpa.open-in-view to disable this warning
2026-05-28T14:41:57.467-03:00  INFO 27536 --- [tasklist] [Test worker] o.s.b.a.e.web.EndpointLinksResolver      : Exposing 14 endpoints beneath base path '/actuator'
2026-05-28T14:41:57.491-03:00  WARN 27536 --- [tasklist] [Test worker] .s.s.UserDetailsServiceAutoConfiguration : 

Using generated security password: e2718c98-ba53-4413-a5df-1e6f442b040e

This generated password is for development use only. Your security configuration must be updated before running your application in production.

2026-05-28T14:41:57.498-03:00  INFO 27536 --- [tasklist] [Test worker] r$InitializeUserDetailsManagerConfigurer : Global AuthenticationManager configured with UserDetailsService bean with name inMemoryUserDetailsManager
2026-05-28T14:41:57.856-03:00 DEBUG 27536 --- [tasklist] [Test worker] b.c.j.t.c.i.s.JwtAuthenticationFilter    : Filter 'jwtAuthenticationFilter' configured for use
2026-05-28T14:41:57.856-03:00  INFO 27536 --- [tasklist] [Test worker] o.s.b.t.m.w.SpringBootMockServletContext : Initializing Spring TestDispatcherServlet ''
2026-05-28T14:41:57.857-03:00  INFO 27536 --- [tasklist] [Test worker] o.s.t.web.servlet.TestDispatcherServlet  : Initializing Servlet ''
2026-05-28T14:41:57.857-03:00  INFO 27536 --- [tasklist] [Test worker] o.s.t.web.servlet.TestDispatcherServlet  : Completed initialization in 0 ms
2026-05-28T14:41:57.907-03:00  INFO 27536 --- [tasklist] [Test worker] b.c.j.t.i.TasklistApiIntegrationTest     : Started TasklistApiIntegrationTest in 4.465 seconds (process running for 6.997)
2026-05-28T14:41:57.963-03:00  INFO 27536 --- [tasklist] [Test worker] b.c.j.t.c.i.l.ReadyEventListener         : >>> Connector Ready
2026-05-28T14:41:57.963-03:00  INFO 27536 --- [tasklist] [Test worker] b.c.j.t.c.i.l.ReadyEventListener         : ======================================================
2026-05-28T14:41:57.963-03:00  INFO 27536 --- [tasklist] [Test worker] b.c.j.t.c.i.l.ReadyEventListener         : == Execute mode:.....................'LOCAL'
2026-05-28T14:41:57.963-03:00  INFO 27536 --- [tasklist] [Test worker] b.c.j.t.c.i.l.ReadyEventListener         : ======================================================
2026-05-28T14:41:58.630-03:00  INFO 27536 --- [tasklist] [SpringApplicationShutdownHook] j.LocalContainerEntityManagerFactoryBean : Closing JPA EntityManagerFactory for persistence unit 'default'
2026-05-28T14:41:58.632-03:00  INFO 27536 --- [tasklist] [SpringApplicationShutdownHook] com.zaxxer.hikari.HikariDataSource       : HikariPool-1 - Shutdown initiated...
2026-05-28T14:41:58.633-03:00  INFO 27536 --- [tasklist] [SpringApplicationShutdownHook] com.zaxxer.hikari.HikariDataSource       : HikariPool-1 - Shutdown completed.
2026-05-28T14:42:50.058-03:00  INFO 20784 --- [tasklist] [Test worker] b.c.j.t.i.TasklistApiIntegrationTest     : Starting TasklistApiIntegrationTest v1.0.0-SNAPSHOT using Java 21.0.11 with PID 20784 (started by T-GAMER in C:\Users\T-GAMER\OneDrive\Área de Trabalho\TESTE_JAVA\fullstack2\jtech-tasklist-backend)
2026-05-28T14:42:50.058-03:00 DEBUG 20784 --- [tasklist] [Test worker] b.c.j.t.i.TasklistApiIntegrationTest     : Running with Spring Boot v3.5.5, Spring v6.2.10
2026-05-28T14:42:50.058-03:00  INFO 20784 --- [tasklist] [Test worker] b.c.j.t.i.TasklistApiIntegrationTest     : The following 1 profile is active: "test"
2026-05-28T14:42:51.036-03:00  INFO 20784 --- [tasklist] [Test worker] .s.d.r.c.RepositoryConfigurationDelegate : Bootstrapping Spring Data JPA repositories in DEFAULT mode.
2026-05-28T14:42:51.091-03:00  INFO 20784 --- [tasklist] [Test worker] .s.d.r.c.RepositoryConfigurationDelegate : Finished Spring Data repository scanning in 46 ms. Found 3 JPA repository interfaces.
2026-05-28T14:42:51.595-03:00  INFO 20784 --- [tasklist] [Test worker] o.hibernate.jpa.internal.util.LogHelper  : HHH000204: Processing PersistenceUnitInfo [name: default]
2026-05-28T14:42:51.654-03:00  INFO 20784 --- [tasklist] [Test worker] org.hibernate.Version                    : HHH000412: Hibernate ORM core version 6.6.26.Final
2026-05-28T14:42:51.691-03:00  INFO 20784 --- [tasklist] [Test worker] o.h.c.internal.RegionFactoryInitiator    : HHH000026: Second-level cache disabled
2026-05-28T14:42:51.824-03:00  INFO 20784 --- [tasklist] [Test worker] o.s.o.j.p.SpringPersistenceUnitInfo      : No LoadTimeWeaver setup: ignoring JPA class transformer
2026-05-28T14:42:51.857-03:00  INFO 20784 --- [tasklist] [Test worker] com.zaxxer.hikari.HikariDataSource       : HikariPool-1 - Starting...
2026-05-28T14:42:52.106-03:00  INFO 20784 --- [tasklist] [Test worker] com.zaxxer.hikari.pool.HikariPool        : HikariPool-1 - Added connection conn0: url=jdbc:h2:mem:testdb user=SA
2026-05-28T14:42:52.107-03:00  INFO 20784 --- [tasklist] [Test worker] com.zaxxer.hikari.HikariDataSource       : HikariPool-1 - Start completed.
2026-05-28T14:42:52.136-03:00  WARN 20784 --- [tasklist] [Test worker] org.hibernate.orm.deprecation            : HHH90000025: H2Dialect does not need to be specified explicitly using 'hibernate.dialect' (remove the property setting and it will be selected by default)
2026-05-28T14:42:52.157-03:00  INFO 20784 --- [tasklist] [Test worker] org.hibernate.orm.connections.pooling    : HHH10001005: Database info:
	Database JDBC URL [Connecting through datasource 'HikariDataSource (HikariPool-1)']
	Database driver: undefined/unknown
	Database version: 2.3.232
	Autocommit mode: undefined/unknown
	Isolation level: undefined/unknown
	Minimum pool size: undefined/unknown
	Maximum pool size: undefined/unknown
2026-05-28T14:42:53.073-03:00  INFO 20784 --- [tasklist] [Test worker] o.h.e.t.j.p.i.JtaPlatformInitiator       : HHH000489: No JTA platform available (set 'hibernate.transaction.jta.platform' to enable JTA platform integration)
2026-05-28T14:42:53.129-03:00  INFO 20784 --- [tasklist] [Test worker] j.LocalContainerEntityManagerFactoryBean : Initialized JPA EntityManagerFactory for persistence unit 'default'
2026-05-28T14:42:53.639-03:00  WARN 20784 --- [tasklist] [Test worker] JpaBaseConfiguration$JpaWebConfiguration : spring.jpa.open-in-view is enabled by default. Therefore, database queries may be performed during view rendering. Explicitly configure spring.jpa.open-in-view to disable this warning
2026-05-28T14:42:54.009-03:00  INFO 20784 --- [tasklist] [Test worker] o.s.b.a.e.web.EndpointLinksResolver      : Exposing 14 endpoints beneath base path '/actuator'
2026-05-28T14:42:54.042-03:00  WARN 20784 --- [tasklist] [Test worker] .s.s.UserDetailsServiceAutoConfiguration : 

Using generated security password: 827f63b6-d798-4a81-8394-5ec6cd58493f

This generated password is for development use only. Your security configuration must be updated before running your application in production.

2026-05-28T14:42:54.051-03:00  INFO 20784 --- [tasklist] [Test worker] r$InitializeUserDetailsManagerConfigurer : Global AuthenticationManager configured with UserDetailsService bean with name inMemoryUserDetailsManager
2026-05-28T14:42:54.515-03:00 DEBUG 20784 --- [tasklist] [Test worker] b.c.j.t.c.i.s.JwtAuthenticationFilter    : Filter 'jwtAuthenticationFilter' configured for use
2026-05-28T14:42:54.516-03:00  INFO 20784 --- [tasklist] [Test worker] o.s.b.t.m.w.SpringBootMockServletContext : Initializing Spring TestDispatcherServlet ''
2026-05-28T14:42:54.516-03:00  INFO 20784 --- [tasklist] [Test worker] o.s.t.web.servlet.TestDispatcherServlet  : Initializing Servlet ''
2026-05-28T14:42:54.517-03:00  INFO 20784 --- [tasklist] [Test worker] o.s.t.web.servlet.TestDispatcherServlet  : Completed initialization in 1 ms
2026-05-28T14:42:54.581-03:00  INFO 20784 --- [tasklist] [Test worker] b.c.j.t.i.TasklistApiIntegrationTest     : Started TasklistApiIntegrationTest in 4.871 seconds (process running for 7.286)
2026-05-28T14:42:54.638-03:00  INFO 20784 --- [tasklist] [Test worker] b.c.j.t.c.i.l.ReadyEventListener         : >>> Connector Ready
2026-05-28T14:42:54.639-03:00  INFO 20784 --- [tasklist] [Test worker] b.c.j.t.c.i.l.ReadyEventListener         : ======================================================
2026-05-28T14:42:54.639-03:00  INFO 20784 --- [tasklist] [Test worker] b.c.j.t.c.i.l.ReadyEventListener         : == Execute mode:.....................'LOCAL'
2026-05-28T14:42:54.639-03:00  INFO 20784 --- [tasklist] [Test worker] b.c.j.t.c.i.l.ReadyEventListener         : ======================================================
2026-05-28T14:42:55.519-03:00  INFO 20784 --- [tasklist] [SpringApplicationShutdownHook] j.LocalContainerEntityManagerFactoryBean : Closing JPA EntityManagerFactory for persistence unit 'default'
2026-05-28T14:42:55.521-03:00  INFO 20784 --- [tasklist] [SpringApplicationShutdownHook] com.zaxxer.hikari.HikariDataSource       : HikariPool-1 - Shutdown initiated...
2026-05-28T14:42:55.523-03:00  INFO 20784 --- [tasklist] [SpringApplicationShutdownHook] com.zaxxer.hikari.HikariDataSource       : HikariPool-1 - Shutdown completed.
2026-05-28T14:54:32.745-03:00  INFO 17684 --- [tasklist] [Test worker] b.c.j.t.i.TasklistApiIntegrationTest     : Starting TasklistApiIntegrationTest v1.0.0-SNAPSHOT using Java 21.0.11 with PID 17684 (started by T-GAMER in C:\Users\T-GAMER\OneDrive\Área de Trabalho\TESTE_JAVA\fullstack2\jtech-tasklist-backend)
2026-05-28T14:54:32.748-03:00 DEBUG 17684 --- [tasklist] [Test worker] b.c.j.t.i.TasklistApiIntegrationTest     : Running with Spring Boot v3.5.5, Spring v6.2.10
2026-05-28T14:54:32.748-03:00  INFO 17684 --- [tasklist] [Test worker] b.c.j.t.i.TasklistApiIntegrationTest     : The following 1 profile is active: "test"
2026-05-28T14:54:34.214-03:00  INFO 17684 --- [tasklist] [Test worker] .s.d.r.c.RepositoryConfigurationDelegate : Bootstrapping Spring Data JPA repositories in DEFAULT mode.
2026-05-28T14:54:34.290-03:00  INFO 17684 --- [tasklist] [Test worker] .s.d.r.c.RepositoryConfigurationDelegate : Finished Spring Data repository scanning in 63 ms. Found 3 JPA repository interfaces.
2026-05-28T14:54:34.884-03:00  INFO 17684 --- [tasklist] [Test worker] o.hibernate.jpa.internal.util.LogHelper  : HHH000204: Processing PersistenceUnitInfo [name: default]
2026-05-28T14:54:34.976-03:00  INFO 17684 --- [tasklist] [Test worker] org.hibernate.Version                    : HHH000412: Hibernate ORM core version 6.6.26.Final
2026-05-28T14:54:35.095-03:00  INFO 17684 --- [tasklist] [Test worker] o.h.c.internal.RegionFactoryInitiator    : HHH000026: Second-level cache disabled
2026-05-28T14:54:35.284-03:00  INFO 17684 --- [tasklist] [Test worker] o.s.o.j.p.SpringPersistenceUnitInfo      : No LoadTimeWeaver setup: ignoring JPA class transformer
2026-05-28T14:54:35.342-03:00  INFO 17684 --- [tasklist] [Test worker] com.zaxxer.hikari.HikariDataSource       : HikariPool-1 - Starting...
2026-05-28T14:54:35.757-03:00  INFO 17684 --- [tasklist] [Test worker] com.zaxxer.hikari.pool.HikariPool        : HikariPool-1 - Added connection conn0: url=jdbc:h2:mem:testdb user=SA
2026-05-28T14:54:35.757-03:00  INFO 17684 --- [tasklist] [Test worker] com.zaxxer.hikari.HikariDataSource       : HikariPool-1 - Start completed.
2026-05-28T14:54:35.799-03:00  WARN 17684 --- [tasklist] [Test worker] org.hibernate.orm.deprecation            : HHH90000025: H2Dialect does not need to be specified explicitly using 'hibernate.dialect' (remove the property setting and it will be selected by default)
2026-05-28T14:54:35.832-03:00  INFO 17684 --- [tasklist] [Test worker] org.hibernate.orm.connections.pooling    : HHH10001005: Database info:
	Database JDBC URL [Connecting through datasource 'HikariDataSource (HikariPool-1)']
	Database driver: undefined/unknown
	Database version: 2.3.232
	Autocommit mode: undefined/unknown
	Isolation level: undefined/unknown
	Minimum pool size: undefined/unknown
	Maximum pool size: undefined/unknown
2026-05-28T14:54:36.949-03:00  INFO 17684 --- [tasklist] [Test worker] o.h.e.t.j.p.i.JtaPlatformInitiator       : HHH000489: No JTA platform available (set 'hibernate.transaction.jta.platform' to enable JTA platform integration)
2026-05-28T14:54:37.005-03:00  INFO 17684 --- [tasklist] [Test worker] j.LocalContainerEntityManagerFactoryBean : Initialized JPA EntityManagerFactory for persistence unit 'default'
2026-05-28T14:54:37.588-03:00  WARN 17684 --- [tasklist] [Test worker] JpaBaseConfiguration$JpaWebConfiguration : spring.jpa.open-in-view is enabled by default. Therefore, database queries may be performed during view rendering. Explicitly configure spring.jpa.open-in-view to disable this warning
2026-05-28T14:54:38.031-03:00  INFO 17684 --- [tasklist] [Test worker] o.s.b.a.e.web.EndpointLinksResolver      : Exposing 14 endpoints beneath base path '/actuator'
2026-05-28T14:54:38.066-03:00  WARN 17684 --- [tasklist] [Test worker] .s.s.UserDetailsServiceAutoConfiguration : 

Using generated security password: 01fd347f-39a3-4b23-9113-1cee6ca6d9d0

This generated password is for development use only. Your security configuration must be updated before running your application in production.

2026-05-28T14:54:38.075-03:00  INFO 17684 --- [tasklist] [Test worker] r$InitializeUserDetailsManagerConfigurer : Global AuthenticationManager configured with UserDetailsService bean with name inMemoryUserDetailsManager
2026-05-28T14:54:38.630-03:00 DEBUG 17684 --- [tasklist] [Test worker] b.c.j.t.c.i.s.JwtAuthenticationFilter    : Filter 'jwtAuthenticationFilter' configured for use
2026-05-28T14:54:38.632-03:00  INFO 17684 --- [tasklist] [Test worker] o.s.b.t.m.w.SpringBootMockServletContext : Initializing Spring TestDispatcherServlet ''
2026-05-28T14:54:38.632-03:00  INFO 17684 --- [tasklist] [Test worker] o.s.t.web.servlet.TestDispatcherServlet  : Initializing Servlet ''
2026-05-28T14:54:38.633-03:00  INFO 17684 --- [tasklist] [Test worker] o.s.t.web.servlet.TestDispatcherServlet  : Completed initialization in 0 ms
2026-05-28T14:54:38.751-03:00  INFO 17684 --- [tasklist] [Test worker] b.c.j.t.i.TasklistApiIntegrationTest     : Started TasklistApiIntegrationTest in 6.578 seconds (process running for 10.259)
2026-05-28T14:54:38.834-03:00  INFO 17684 --- [tasklist] [Test worker] b.c.j.t.c.i.l.ReadyEventListener         : >>> Connector Ready
2026-05-28T14:54:38.834-03:00  INFO 17684 --- [tasklist] [Test worker] b.c.j.t.c.i.l.ReadyEventListener         : ======================================================
2026-05-28T14:54:38.834-03:00  INFO 17684 --- [tasklist] [Test worker] b.c.j.t.c.i.l.ReadyEventListener         : == Execute mode:.....................'LOCAL'
2026-05-28T14:54:38.834-03:00  INFO 17684 --- [tasklist] [Test worker] b.c.j.t.c.i.l.ReadyEventListener         : ======================================================
2026-05-28T14:54:40.420-03:00  INFO 17684 --- [tasklist] [SpringApplicationShutdownHook] j.LocalContainerEntityManagerFactoryBean : Closing JPA EntityManagerFactory for persistence unit 'default'
2026-05-28T14:54:40.422-03:00  INFO 17684 --- [tasklist] [SpringApplicationShutdownHook] com.zaxxer.hikari.HikariDataSource       : HikariPool-1 - Shutdown initiated...
2026-05-28T14:54:40.423-03:00  INFO 17684 --- [tasklist] [SpringApplicationShutdownHook] com.zaxxer.hikari.HikariDataSource       : HikariPool-1 - Shutdown completed.
2026-05-28T14:59:25.152-03:00  INFO 24048 --- [tasklist] [Test worker] b.c.j.t.i.TasklistApiIntegrationTest     : Starting TasklistApiIntegrationTest v1.0.0-SNAPSHOT using Java 21.0.11 with PID 24048 (started by T-GAMER in C:\Users\T-GAMER\OneDrive\Área de Trabalho\TESTE_JAVA\fullstack2\jtech-tasklist-backend)
2026-05-28T14:59:25.157-03:00 DEBUG 24048 --- [tasklist] [Test worker] b.c.j.t.i.TasklistApiIntegrationTest     : Running with Spring Boot v3.5.5, Spring v6.2.10
2026-05-28T14:59:25.157-03:00  INFO 24048 --- [tasklist] [Test worker] b.c.j.t.i.TasklistApiIntegrationTest     : The following 1 profile is active: "test"
2026-05-28T14:59:26.162-03:00  INFO 24048 --- [tasklist] [Test worker] .s.d.r.c.RepositoryConfigurationDelegate : Bootstrapping Spring Data JPA repositories in DEFAULT mode.
2026-05-28T14:59:26.222-03:00  INFO 24048 --- [tasklist] [Test worker] .s.d.r.c.RepositoryConfigurationDelegate : Finished Spring Data repository scanning in 50 ms. Found 3 JPA repository interfaces.
2026-05-28T14:59:26.692-03:00  INFO 24048 --- [tasklist] [Test worker] o.hibernate.jpa.internal.util.LogHelper  : HHH000204: Processing PersistenceUnitInfo [name: default]
2026-05-28T14:59:26.744-03:00  INFO 24048 --- [tasklist] [Test worker] org.hibernate.Version                    : HHH000412: Hibernate ORM core version 6.6.26.Final
2026-05-28T14:59:26.771-03:00  INFO 24048 --- [tasklist] [Test worker] o.h.c.internal.RegionFactoryInitiator    : HHH000026: Second-level cache disabled
2026-05-28T14:59:27.068-03:00  INFO 24048 --- [tasklist] [Test worker] o.s.o.j.p.SpringPersistenceUnitInfo      : No LoadTimeWeaver setup: ignoring JPA class transformer
2026-05-28T14:59:27.099-03:00  INFO 24048 --- [tasklist] [Test worker] com.zaxxer.hikari.HikariDataSource       : HikariPool-1 - Starting...
2026-05-28T14:59:27.342-03:00  INFO 24048 --- [tasklist] [Test worker] com.zaxxer.hikari.pool.HikariPool        : HikariPool-1 - Added connection conn0: url=jdbc:h2:mem:testdb user=SA
2026-05-28T14:59:27.343-03:00  INFO 24048 --- [tasklist] [Test worker] com.zaxxer.hikari.HikariDataSource       : HikariPool-1 - Start completed.
2026-05-28T14:59:27.363-03:00  WARN 24048 --- [tasklist] [Test worker] org.hibernate.orm.deprecation            : HHH90000025: H2Dialect does not need to be specified explicitly using 'hibernate.dialect' (remove the property setting and it will be selected by default)
2026-05-28T14:59:27.383-03:00  INFO 24048 --- [tasklist] [Test worker] org.hibernate.orm.connections.pooling    : HHH10001005: Database info:
	Database JDBC URL [Connecting through datasource 'HikariDataSource (HikariPool-1)']
	Database driver: undefined/unknown
	Database version: 2.3.232
	Autocommit mode: undefined/unknown
	Isolation level: undefined/unknown
	Minimum pool size: undefined/unknown
	Maximum pool size: undefined/unknown
2026-05-28T14:59:28.302-03:00  INFO 24048 --- [tasklist] [Test worker] o.h.e.t.j.p.i.JtaPlatformInitiator       : HHH000489: No JTA platform available (set 'hibernate.transaction.jta.platform' to enable JTA platform integration)
2026-05-28T14:59:28.357-03:00  INFO 24048 --- [tasklist] [Test worker] j.LocalContainerEntityManagerFactoryBean : Initialized JPA EntityManagerFactory for persistence unit 'default'
2026-05-28T14:59:28.855-03:00  WARN 24048 --- [tasklist] [Test worker] JpaBaseConfiguration$JpaWebConfiguration : spring.jpa.open-in-view is enabled by default. Therefore, database queries may be performed during view rendering. Explicitly configure spring.jpa.open-in-view to disable this warning
2026-05-28T14:59:29.234-03:00  INFO 24048 --- [tasklist] [Test worker] o.s.b.a.e.web.EndpointLinksResolver      : Exposing 14 endpoints beneath base path '/actuator'
2026-05-28T14:59:29.267-03:00  WARN 24048 --- [tasklist] [Test worker] .s.s.UserDetailsServiceAutoConfiguration : 

Using generated security password: 7ff74166-f7ea-4298-abc8-eba0ad6a9e29

This generated password is for development use only. Your security configuration must be updated before running your application in production.

2026-05-28T14:59:29.276-03:00  INFO 24048 --- [tasklist] [Test worker] r$InitializeUserDetailsManagerConfigurer : Global AuthenticationManager configured with UserDetailsService bean with name inMemoryUserDetailsManager
2026-05-28T14:59:29.700-03:00 DEBUG 24048 --- [tasklist] [Test worker] b.c.j.t.c.i.s.JwtAuthenticationFilter    : Filter 'jwtAuthenticationFilter' configured for use
2026-05-28T14:59:29.700-03:00  INFO 24048 --- [tasklist] [Test worker] o.s.b.t.m.w.SpringBootMockServletContext : Initializing Spring TestDispatcherServlet ''
2026-05-28T14:59:29.700-03:00  INFO 24048 --- [tasklist] [Test worker] o.s.t.web.servlet.TestDispatcherServlet  : Initializing Servlet ''
2026-05-28T14:59:29.701-03:00  INFO 24048 --- [tasklist] [Test worker] o.s.t.web.servlet.TestDispatcherServlet  : Completed initialization in 1 ms
2026-05-28T14:59:29.756-03:00  INFO 24048 --- [tasklist] [Test worker] b.c.j.t.i.TasklistApiIntegrationTest     : Started TasklistApiIntegrationTest in 5.021 seconds (process running for 6.365)
2026-05-28T14:59:29.802-03:00  INFO 24048 --- [tasklist] [Test worker] b.c.j.t.c.i.l.ReadyEventListener         : >>> Connector Ready
2026-05-28T14:59:29.802-03:00  INFO 24048 --- [tasklist] [Test worker] b.c.j.t.c.i.l.ReadyEventListener         : ======================================================
2026-05-28T14:59:29.802-03:00  INFO 24048 --- [tasklist] [Test worker] b.c.j.t.c.i.l.ReadyEventListener         : == Execute mode:.....................'LOCAL'
2026-05-28T14:59:29.802-03:00  INFO 24048 --- [tasklist] [Test worker] b.c.j.t.c.i.l.ReadyEventListener         : ======================================================
2026-05-28T14:59:31.919-03:00  INFO 24048 --- [tasklist] [SpringApplicationShutdownHook] j.LocalContainerEntityManagerFactoryBean : Closing JPA EntityManagerFactory for persistence unit 'default'
2026-05-28T14:59:31.922-03:00  INFO 24048 --- [tasklist] [SpringApplicationShutdownHook] com.zaxxer.hikari.HikariDataSource       : HikariPool-1 - Shutdown initiated...
2026-05-28T14:59:31.924-03:00  INFO 24048 --- [tasklist] [SpringApplicationShutdownHook] com.zaxxer.hikari.HikariDataSource       : HikariPool-1 - Shutdown completed.
2026-05-28T15:06:27.115-03:00  INFO 14856 --- [tasklist] [Test worker] b.c.j.t.i.TasklistApiIntegrationTest     : Starting TasklistApiIntegrationTest v1.0.0-SNAPSHOT using Java 21.0.11 with PID 14856 (started by T-GAMER in C:\Users\T-GAMER\OneDrive\Área de Trabalho\TESTE_JAVA\fullstack2\jtech-tasklist-backend)
2026-05-28T15:06:27.115-03:00 DEBUG 14856 --- [tasklist] [Test worker] b.c.j.t.i.TasklistApiIntegrationTest     : Running with Spring Boot v3.5.5, Spring v6.2.10
2026-05-28T15:06:27.115-03:00  INFO 14856 --- [tasklist] [Test worker] b.c.j.t.i.TasklistApiIntegrationTest     : The following 1 profile is active: "test"
2026-05-28T15:06:28.039-03:00  INFO 14856 --- [tasklist] [Test worker] .s.d.r.c.RepositoryConfigurationDelegate : Bootstrapping Spring Data JPA repositories in DEFAULT mode.
2026-05-28T15:06:28.098-03:00  INFO 14856 --- [tasklist] [Test worker] .s.d.r.c.RepositoryConfigurationDelegate : Finished Spring Data repository scanning in 48 ms. Found 3 JPA repository interfaces.
2026-05-28T15:06:28.502-03:00  INFO 14856 --- [tasklist] [Test worker] o.hibernate.jpa.internal.util.LogHelper  : HHH000204: Processing PersistenceUnitInfo [name: default]
2026-05-28T15:06:28.556-03:00  INFO 14856 --- [tasklist] [Test worker] org.hibernate.Version                    : HHH000412: Hibernate ORM core version 6.6.26.Final
2026-05-28T15:06:28.582-03:00  INFO 14856 --- [tasklist] [Test worker] o.h.c.internal.RegionFactoryInitiator    : HHH000026: Second-level cache disabled
2026-05-28T15:06:28.703-03:00  INFO 14856 --- [tasklist] [Test worker] o.s.o.j.p.SpringPersistenceUnitInfo      : No LoadTimeWeaver setup: ignoring JPA class transformer
2026-05-28T15:06:28.737-03:00  INFO 14856 --- [tasklist] [Test worker] com.zaxxer.hikari.HikariDataSource       : HikariPool-1 - Starting...
2026-05-28T15:06:28.949-03:00  INFO 14856 --- [tasklist] [Test worker] com.zaxxer.hikari.pool.HikariPool        : HikariPool-1 - Added connection conn0: url=jdbc:h2:mem:testdb user=SA
2026-05-28T15:06:28.951-03:00  INFO 14856 --- [tasklist] [Test worker] com.zaxxer.hikari.HikariDataSource       : HikariPool-1 - Start completed.
2026-05-28T15:06:28.974-03:00  WARN 14856 --- [tasklist] [Test worker] org.hibernate.orm.deprecation            : HHH90000025: H2Dialect does not need to be specified explicitly using 'hibernate.dialect' (remove the property setting and it will be selected by default)
2026-05-28T15:06:28.982-03:00  INFO 14856 --- [tasklist] [Test worker] org.hibernate.orm.connections.pooling    : HHH10001005: Database info:
	Database JDBC URL [Connecting through datasource 'HikariDataSource (HikariPool-1)']
	Database driver: undefined/unknown
	Database version: 2.3.232
	Autocommit mode: undefined/unknown
	Isolation level: undefined/unknown
	Minimum pool size: undefined/unknown
	Maximum pool size: undefined/unknown
2026-05-28T15:06:29.827-03:00  INFO 14856 --- [tasklist] [Test worker] o.h.e.t.j.p.i.JtaPlatformInitiator       : HHH000489: No JTA platform available (set 'hibernate.transaction.jta.platform' to enable JTA platform integration)
2026-05-28T15:06:29.899-03:00  INFO 14856 --- [tasklist] [Test worker] j.LocalContainerEntityManagerFactoryBean : Initialized JPA EntityManagerFactory for persistence unit 'default'
2026-05-28T15:06:30.425-03:00  WARN 14856 --- [tasklist] [Test worker] JpaBaseConfiguration$JpaWebConfiguration : spring.jpa.open-in-view is enabled by default. Therefore, database queries may be performed during view rendering. Explicitly configure spring.jpa.open-in-view to disable this warning
2026-05-28T15:06:30.765-03:00  INFO 14856 --- [tasklist] [Test worker] o.s.b.a.e.web.EndpointLinksResolver      : Exposing 14 endpoints beneath base path '/actuator'
2026-05-28T15:06:30.792-03:00  WARN 14856 --- [tasklist] [Test worker] .s.s.UserDetailsServiceAutoConfiguration : 

Using generated security password: 48980e61-f691-4f37-9a15-7b30bdbfaddf

This generated password is for development use only. Your security configuration must be updated before running your application in production.

2026-05-28T15:06:30.800-03:00  INFO 14856 --- [tasklist] [Test worker] r$InitializeUserDetailsManagerConfigurer : Global AuthenticationManager configured with UserDetailsService bean with name inMemoryUserDetailsManager
2026-05-28T15:06:31.190-03:00 DEBUG 14856 --- [tasklist] [Test worker] b.c.j.t.c.i.s.JwtAuthenticationFilter    : Filter 'jwtAuthenticationFilter' configured for use
2026-05-28T15:06:31.191-03:00  INFO 14856 --- [tasklist] [Test worker] o.s.b.t.m.w.SpringBootMockServletContext : Initializing Spring TestDispatcherServlet ''
2026-05-28T15:06:31.191-03:00  INFO 14856 --- [tasklist] [Test worker] o.s.t.web.servlet.TestDispatcherServlet  : Initializing Servlet ''
2026-05-28T15:06:31.192-03:00  INFO 14856 --- [tasklist] [Test worker] o.s.t.web.servlet.TestDispatcherServlet  : Completed initialization in 1 ms
2026-05-28T15:06:31.247-03:00  INFO 14856 --- [tasklist] [Test worker] b.c.j.t.i.TasklistApiIntegrationTest     : Started TasklistApiIntegrationTest in 4.491 seconds (process running for 6.973)
2026-05-28T15:06:31.284-03:00  INFO 14856 --- [tasklist] [Test worker] b.c.j.t.c.i.l.ReadyEventListener         : >>> Connector Ready
2026-05-28T15:06:31.284-03:00  INFO 14856 --- [tasklist] [Test worker] b.c.j.t.c.i.l.ReadyEventListener         : ======================================================
2026-05-28T15:06:31.284-03:00  INFO 14856 --- [tasklist] [Test worker] b.c.j.t.c.i.l.ReadyEventListener         : == Execute mode:.....................'LOCAL'
2026-05-28T15:06:31.284-03:00  INFO 14856 --- [tasklist] [Test worker] b.c.j.t.c.i.l.ReadyEventListener         : ======================================================
2026-05-28T15:06:32.394-03:00  INFO 14856 --- [tasklist] [SpringApplicationShutdownHook] j.LocalContainerEntityManagerFactoryBean : Closing JPA EntityManagerFactory for persistence unit 'default'
2026-05-28T15:06:32.395-03:00  INFO 14856 --- [tasklist] [SpringApplicationShutdownHook] com.zaxxer.hikari.HikariDataSource       : HikariPool-1 - Shutdown initiated...
2026-05-28T15:06:32.396-03:00  INFO 14856 --- [tasklist] [SpringApplicationShutdownHook] com.zaxxer.hikari.HikariDataSource       : HikariPool-1 - Shutdown completed.
2026-05-28T15:08:48.040-03:00  INFO 27084 --- [tasklist] [Test worker] b.c.j.t.i.TasklistApiIntegrationTest     : Starting TasklistApiIntegrationTest v1.0.0-SNAPSHOT using Java 21.0.11 with PID 27084 (started by T-GAMER in C:\Users\T-GAMER\OneDrive\Área de Trabalho\TESTE_JAVA\fullstack2\jtech-tasklist-backend)
2026-05-28T15:08:48.041-03:00 DEBUG 27084 --- [tasklist] [Test worker] b.c.j.t.i.TasklistApiIntegrationTest     : Running with Spring Boot v3.5.5, Spring v6.2.10
2026-05-28T15:08:48.041-03:00  INFO 27084 --- [tasklist] [Test worker] b.c.j.t.i.TasklistApiIntegrationTest     : The following 1 profile is active: "test"
2026-05-28T15:08:49.156-03:00  INFO 27084 --- [tasklist] [Test worker] .s.d.r.c.RepositoryConfigurationDelegate : Bootstrapping Spring Data JPA repositories in DEFAULT mode.
2026-05-28T15:08:49.223-03:00  INFO 27084 --- [tasklist] [Test worker] .s.d.r.c.RepositoryConfigurationDelegate : Finished Spring Data repository scanning in 57 ms. Found 3 JPA repository interfaces.
2026-05-28T15:08:49.760-03:00  INFO 27084 --- [tasklist] [Test worker] o.hibernate.jpa.internal.util.LogHelper  : HHH000204: Processing PersistenceUnitInfo [name: default]
2026-05-28T15:08:49.834-03:00  INFO 27084 --- [tasklist] [Test worker] org.hibernate.Version                    : HHH000412: Hibernate ORM core version 6.6.26.Final
2026-05-28T15:08:49.877-03:00  INFO 27084 --- [tasklist] [Test worker] o.h.c.internal.RegionFactoryInitiator    : HHH000026: Second-level cache disabled
2026-05-28T15:08:50.037-03:00  INFO 27084 --- [tasklist] [Test worker] o.s.o.j.p.SpringPersistenceUnitInfo      : No LoadTimeWeaver setup: ignoring JPA class transformer
2026-05-28T15:08:50.066-03:00  INFO 27084 --- [tasklist] [Test worker] com.zaxxer.hikari.HikariDataSource       : HikariPool-1 - Starting...
2026-05-28T15:08:50.373-03:00  INFO 27084 --- [tasklist] [Test worker] com.zaxxer.hikari.pool.HikariPool        : HikariPool-1 - Added connection conn0: url=jdbc:h2:mem:testdb user=SA
2026-05-28T15:08:50.375-03:00  INFO 27084 --- [tasklist] [Test worker] com.zaxxer.hikari.HikariDataSource       : HikariPool-1 - Start completed.
2026-05-28T15:08:50.407-03:00  WARN 27084 --- [tasklist] [Test worker] org.hibernate.orm.deprecation            : HHH90000025: H2Dialect does not need to be specified explicitly using 'hibernate.dialect' (remove the property setting and it will be selected by default)
2026-05-28T15:08:50.436-03:00  INFO 27084 --- [tasklist] [Test worker] org.hibernate.orm.connections.pooling    : HHH10001005: Database info:
	Database JDBC URL [Connecting through datasource 'HikariDataSource (HikariPool-1)']
	Database driver: undefined/unknown
	Database version: 2.3.232
	Autocommit mode: undefined/unknown
	Isolation level: undefined/unknown
	Minimum pool size: undefined/unknown
	Maximum pool size: undefined/unknown
2026-05-28T15:08:51.482-03:00  INFO 27084 --- [tasklist] [Test worker] o.h.e.t.j.p.i.JtaPlatformInitiator       : HHH000489: No JTA platform available (set 'hibernate.transaction.jta.platform' to enable JTA platform integration)
2026-05-28T15:08:51.538-03:00  INFO 27084 --- [tasklist] [Test worker] j.LocalContainerEntityManagerFactoryBean : Initialized JPA EntityManagerFactory for persistence unit 'default'
2026-05-28T15:08:52.106-03:00  WARN 27084 --- [tasklist] [Test worker] JpaBaseConfiguration$JpaWebConfiguration : spring.jpa.open-in-view is enabled by default. Therefore, database queries may be performed during view rendering. Explicitly configure spring.jpa.open-in-view to disable this warning
2026-05-28T15:08:52.611-03:00  INFO 27084 --- [tasklist] [Test worker] o.s.b.a.e.web.EndpointLinksResolver      : Exposing 14 endpoints beneath base path '/actuator'
2026-05-28T15:08:52.666-03:00  WARN 27084 --- [tasklist] [Test worker] .s.s.UserDetailsServiceAutoConfiguration : 

Using generated security password: 66eeab26-838e-454f-8003-5890af435f93

This generated password is for development use only. Your security configuration must be updated before running your application in production.

2026-05-28T15:08:52.678-03:00  INFO 27084 --- [tasklist] [Test worker] r$InitializeUserDetailsManagerConfigurer : Global AuthenticationManager configured with UserDetailsService bean with name inMemoryUserDetailsManager
2026-05-28T15:08:53.241-03:00 DEBUG 27084 --- [tasklist] [Test worker] b.c.j.t.c.i.s.JwtAuthenticationFilter    : Filter 'jwtAuthenticationFilter' configured for use
2026-05-28T15:08:53.241-03:00  INFO 27084 --- [tasklist] [Test worker] o.s.b.t.m.w.SpringBootMockServletContext : Initializing Spring TestDispatcherServlet ''
2026-05-28T15:08:53.241-03:00  INFO 27084 --- [tasklist] [Test worker] o.s.t.web.servlet.TestDispatcherServlet  : Initializing Servlet ''
2026-05-28T15:08:53.241-03:00  INFO 27084 --- [tasklist] [Test worker] o.s.t.web.servlet.TestDispatcherServlet  : Completed initialization in 0 ms
2026-05-28T15:08:53.318-03:00  INFO 27084 --- [tasklist] [Test worker] b.c.j.t.i.TasklistApiIntegrationTest     : Started TasklistApiIntegrationTest in 5.647 seconds (process running for 8.164)
2026-05-28T15:08:53.385-03:00  INFO 27084 --- [tasklist] [Test worker] b.c.j.t.c.i.l.ReadyEventListener         : >>> Connector Ready
2026-05-28T15:08:53.385-03:00  INFO 27084 --- [tasklist] [Test worker] b.c.j.t.c.i.l.ReadyEventListener         : ======================================================
2026-05-28T15:08:53.385-03:00  INFO 27084 --- [tasklist] [Test worker] b.c.j.t.c.i.l.ReadyEventListener         : == Execute mode:.....................'LOCAL'
2026-05-28T15:08:53.386-03:00  INFO 27084 --- [tasklist] [Test worker] b.c.j.t.c.i.l.ReadyEventListener         : ======================================================
2026-05-28T15:08:54.604-03:00  INFO 27084 --- [tasklist] [SpringApplicationShutdownHook] j.LocalContainerEntityManagerFactoryBean : Closing JPA EntityManagerFactory for persistence unit 'default'
2026-05-28T15:08:54.616-03:00  INFO 27084 --- [tasklist] [SpringApplicationShutdownHook] com.zaxxer.hikari.HikariDataSource       : HikariPool-1 - Shutdown initiated...
2026-05-28T15:08:54.618-03:00  INFO 27084 --- [tasklist] [SpringApplicationShutdownHook] com.zaxxer.hikari.HikariDataSource       : HikariPool-1 - Shutdown completed.
2026-05-28T15:12:52.650-03:00  INFO 17192 --- [tasklist] [main] br.com.jtech.tasklist.StartTasklist      : Starting StartTasklist v1.0.0-SNAPSHOT using Java 21.0.11 with PID 17192 (C:\Users\T-GAMER\AppData\Local\Temp\tasklist-build\classes\java\main started by T-GAMER in C:\Users\T-GAMER\OneDrive\Área de Trabalho\TESTE_JAVA\fullstack2\jtech-tasklist-backend)
2026-05-28T15:12:52.650-03:00 DEBUG 17192 --- [tasklist] [main] br.com.jtech.tasklist.StartTasklist      : Running with Spring Boot v3.5.5, Spring v6.2.10
2026-05-28T15:12:52.650-03:00  INFO 17192 --- [tasklist] [main] br.com.jtech.tasklist.StartTasklist      : The following 1 profile is active: "postgres"
2026-05-28T15:12:53.400-03:00  INFO 17192 --- [tasklist] [main] .s.d.r.c.RepositoryConfigurationDelegate : Bootstrapping Spring Data JPA repositories in DEFAULT mode.
2026-05-28T15:12:53.433-03:00  INFO 17192 --- [tasklist] [main] .s.d.r.c.RepositoryConfigurationDelegate : Finished Spring Data repository scanning in 36 ms. Found 3 JPA repository interfaces.
2026-05-28T15:12:53.791-03:00  INFO 17192 --- [tasklist] [main] o.s.b.w.embedded.tomcat.TomcatWebServer  : Tomcat initialized with port 8080 (http)
2026-05-28T15:12:53.804-03:00  INFO 17192 --- [tasklist] [main] o.apache.catalina.core.StandardService   : Starting service [Tomcat]
2026-05-28T15:12:53.804-03:00  INFO 17192 --- [tasklist] [main] o.apache.catalina.core.StandardEngine    : Starting Servlet engine: [Apache Tomcat/10.1.44]
2026-05-28T15:12:53.938-03:00  INFO 17192 --- [tasklist] [main] o.a.c.c.C.[Tomcat].[localhost].[/]       : Initializing Spring embedded WebApplicationContext
2026-05-28T15:12:53.938-03:00  INFO 17192 --- [tasklist] [main] w.s.c.ServletWebServerApplicationContext : Root WebApplicationContext: initialization completed in 1258 ms
2026-05-28T15:12:54.416-03:00  INFO 17192 --- [tasklist] [main] o.hibernate.jpa.internal.util.LogHelper  : HHH000204: Processing PersistenceUnitInfo [name: default]
2026-05-28T15:12:55.040-03:00  INFO 17192 --- [tasklist] [main] org.hibernate.Version                    : HHH000412: Hibernate ORM core version 6.6.26.Final
2026-05-28T15:12:55.182-03:00  INFO 17192 --- [tasklist] [main] o.h.c.internal.RegionFactoryInitiator    : HHH000026: Second-level cache disabled
2026-05-28T15:12:55.432-03:00  INFO 17192 --- [tasklist] [main] o.s.o.j.p.SpringPersistenceUnitInfo      : No LoadTimeWeaver setup: ignoring JPA class transformer
2026-05-28T15:12:55.464-03:00  INFO 17192 --- [tasklist] [main] com.zaxxer.hikari.HikariDataSource       : HikariPool-1 - Starting...
2026-05-28T15:12:55.611-03:00  INFO 17192 --- [tasklist] [main] com.zaxxer.hikari.pool.HikariPool        : HikariPool-1 - Added connection org.postgresql.jdbc.PgConnection@5b1f5fcc
2026-05-28T15:12:55.612-03:00  INFO 17192 --- [tasklist] [main] com.zaxxer.hikari.HikariDataSource       : HikariPool-1 - Start completed.
2026-05-28T15:12:55.640-03:00  WARN 17192 --- [tasklist] [main] org.hibernate.orm.deprecation            : HHH90000025: PostgreSQLDialect does not need to be specified explicitly using 'hibernate.dialect' (remove the property setting and it will be selected by default)
2026-05-28T15:12:55.657-03:00  INFO 17192 --- [tasklist] [main] org.hibernate.orm.connections.pooling    : HHH10001005: Database info:
	Database JDBC URL [Connecting through datasource 'HikariDataSource (HikariPool-1)']
	Database driver: undefined/unknown
	Database version: 16.14
	Autocommit mode: undefined/unknown
	Isolation level: undefined/unknown
	Minimum pool size: undefined/unknown
	Maximum pool size: undefined/unknown
2026-05-28T15:12:56.316-03:00  INFO 17192 --- [tasklist] [main] o.h.e.t.j.p.i.JtaPlatformInitiator       : HHH000489: No JTA platform available (set 'hibernate.transaction.jta.platform' to enable JTA platform integration)
2026-05-28T15:12:56.387-03:00  WARN 17192 --- [tasklist] [main] o.h.engine.jdbc.spi.SqlExceptionHelper   : SQL Warning Code: 0, SQLState: 00000
2026-05-28T15:12:56.387-03:00  WARN 17192 --- [tasklist] [main] o.h.engine.jdbc.spi.SqlExceptionHelper   : constraint "uk_tasklist_owner_name" of relation "tasklists" does not exist, skipping
2026-05-28T15:12:56.393-03:00  WARN 17192 --- [tasklist] [main] o.h.engine.jdbc.spi.SqlExceptionHelper   : SQL Warning Code: 0, SQLState: 00000
2026-05-28T15:12:56.393-03:00  WARN 17192 --- [tasklist] [main] o.h.engine.jdbc.spi.SqlExceptionHelper   : constraint "uk_users_email" of relation "users" does not exist, skipping
2026-05-28T15:12:56.405-03:00  INFO 17192 --- [tasklist] [main] j.LocalContainerEntityManagerFactoryBean : Initialized JPA EntityManagerFactory for persistence unit 'default'
2026-05-28T15:12:56.600-03:00 DEBUG 17192 --- [tasklist] [main] b.c.j.t.c.i.s.JwtAuthenticationFilter    : Filter 'jwtAuthenticationFilter' configured for use
2026-05-28T15:12:56.710-03:00  WARN 17192 --- [tasklist] [main] JpaBaseConfiguration$JpaWebConfiguration : spring.jpa.open-in-view is enabled by default. Therefore, database queries may be performed during view rendering. Explicitly configure spring.jpa.open-in-view to disable this warning
2026-05-28T15:12:56.880-03:00  INFO 17192 --- [tasklist] [main] o.s.b.a.e.web.EndpointLinksResolver      : Exposing 14 endpoints beneath base path '/actuator'
2026-05-28T15:12:56.899-03:00  WARN 17192 --- [tasklist] [main] .s.s.UserDetailsServiceAutoConfiguration : 

Using generated security password: 0d242da0-48cc-423b-ba73-d3878c4204a4

This generated password is for development use only. Your security configuration must be updated before running your application in production.

2026-05-28T15:12:56.904-03:00  INFO 17192 --- [tasklist] [main] r$InitializeUserDetailsManagerConfigurer : Global AuthenticationManager configured with UserDetailsService bean with name inMemoryUserDetailsManager
2026-05-28T15:12:57.155-03:00  INFO 17192 --- [tasklist] [main] o.s.b.w.embedded.tomcat.TomcatWebServer  : Tomcat started on port 8080 (http) with context path '/'
2026-05-28T15:12:57.171-03:00  INFO 17192 --- [tasklist] [main] br.com.jtech.tasklist.StartTasklist      : Started StartTasklist in 4.905 seconds (process running for 5.139)
2026-05-28T15:12:57.221-03:00  INFO 17192 --- [tasklist] [main] b.c.j.t.c.i.l.ReadyEventListener         : >>> Connector Ready
2026-05-28T15:12:57.221-03:00  INFO 17192 --- [tasklist] [main] b.c.j.t.c.i.l.ReadyEventListener         : ======================================================
2026-05-28T15:12:57.221-03:00  INFO 17192 --- [tasklist] [main] b.c.j.t.c.i.l.ReadyEventListener         : == Execute mode:.....................'LOCAL'
2026-05-28T15:12:57.221-03:00  INFO 17192 --- [tasklist] [main] b.c.j.t.c.i.l.ReadyEventListener         : ======================================================
2026-05-28T15:13:32.283-03:00  INFO 17192 --- [tasklist] [http-nio-8080-exec-1] o.a.c.c.C.[Tomcat].[localhost].[/]       : Initializing Spring DispatcherServlet 'dispatcherServlet'
2026-05-28T15:13:32.283-03:00  INFO 17192 --- [tasklist] [http-nio-8080-exec-1] o.s.web.servlet.DispatcherServlet        : Initializing Servlet 'dispatcherServlet'
2026-05-28T15:13:32.283-03:00  INFO 17192 --- [tasklist] [http-nio-8080-exec-1] o.s.web.servlet.DispatcherServlet        : Completed initialization in 0 ms
